<?xml version="1.0" encoding="UTF-8"?>
<!-- Generated by org.testng.reporters.JUnitXMLReporter -->
<testsuite ignored="0" hostname="DESKTOP-QAF3F5R" failures="1" tests="2" name="Test" time="19.718" errors="0" timestamp="2023-11-29T15:36:14 IST">
  <testcase classname="test.HomeScreen" name="verifySitename" time="0.052">
    <failure type="java.lang.AssertionError" message="expected [https://demoqa/] but found [https://demoqa.com/]">
      <![CDATA[java.lang.AssertionError: expected [https://demoqa/] but found [https://demoqa.com/]
at test.HomeScreen.verifySitename(HomeScreen.java:34)
at java.base/java.util.ArrayList.forEach(ArrayList.java:1511)
... Removed 33 stack frames]]>
    </failure>
  </testcase> <!-- verifySitename -->
  <testcase classname="test.HomeScreen" name="verifyTitle" time="0.003"/>
</testsuite> <!-- Test -->
